This is XeTeX, Version 3.141592653-2.6-0.999993 (TeX Live 2021) (preloaded format=xelatex 2022.2.28)  18 SEP 2022 15:43
entering extended mode
 %&-line parsing enabled.
**HW3.ipynb
(./HW3.ipynb
LaTeX2e <2021-11-15> patch level 1
L3 programming layer <2022-02-24>

! LaTeX Error: Missing \begin{document}.

See the LaTeX manual or LaTeX Companion for explanation.
Type  H <return>  for immediate help.
 ...                                              
                                                  
l.2  "
      cells": [
? 
! Emergency stop.
 ...                                              
                                                  
l.2  "
      cells": [
You're in trouble here.  Try typing  <return>  to proceed.
If that doesn't work, type  X <return>  to quit.

 
Here is how much of TeX's memory you used:
 17 strings out of 476180
 424 string characters out of 5809554
 298513 words of memory out of 5000000
 20868 multiletter control sequences out of 15000+600000
 469259 words of font info for 28 fonts, out of 8000000 for 9000
 1348 hyphenation exceptions out of 8191
 12i,0n,12p,53b,18s stack positions out of 5000i,500n,10000p,200000b,80000s
No pages of output.
